[2019-02-14 21:46:17.267] [exthost] [info] extension host started
[2019-02-14 21:46:17.362] [exthost] [info] ExtensionService#_doActivateExtension vscode.debug-auto-launch {"startup":true,"activationEvent":"*"}
[2019-02-14 21:46:17.362] [exthost] [info] ExtensionService#loadCommonJSModule /usr/lib/code/extensions/debug-auto-launch/dist/extension
[2019-02-14 21:46:17.369] [exthost] [info] ExtensionService#_doActivateExtension vscode.emmet {"startup":true,"activationEvent":"*"}
[2019-02-14 21:46:17.369] [exthost] [info] ExtensionService#loadCommonJSModule /usr/lib/code/extensions/emmet/dist/extension
[2019-02-14 21:46:17.396] [exthost] [info] ExtensionService#_doActivateExtension vscode.git {"startup":true,"activationEvent":"*"}
[2019-02-14 21:46:17.396] [exthost] [info] ExtensionService#loadCommonJSModule /usr/lib/code/extensions/git/dist/main
[2019-02-14 21:46:17.524] [exthost] [info] ExtensionService#_doActivateExtension vscode.merge-conflict {"startup":true,"activationEvent":"*"}
[2019-02-14 21:46:17.524] [exthost] [info] ExtensionService#loadCommonJSModule /usr/lib/code/extensions/merge-conflict/dist/extension
[2019-02-14 21:46:17.531] [exthost] [info] ExtensionService#_doActivateExtension CoenraadS.bracket-pair-colorizer {"startup":true,"activationEvent":"*"}
[2019-02-14 21:46:17.531] [exthost] [info] ExtensionService#loadCommonJSModule /home/adri/.vscode-oss/extensions/coenraads.bracket-pair-colorizer-1.0.61/out/src/extension
[2019-02-14 21:46:17.551] [exthost] [info] ExtensionService#_doActivateExtension Equinusocio.vsc-material-theme {"startup":true,"activationEvent":"*"}
[2019-02-14 21:46:17.551] [exthost] [info] ExtensionService#loadCommonJSModule /home/adri/.vscode-oss/extensions/equinusocio.vsc-material-theme-2.7.0/out/src/material.theme.config
[2019-02-14 21:46:17.560] [exthost] [info] ExtensionService#_doActivateExtension PKief.material-icon-theme {"startup":true,"activationEvent":"*"}
[2019-02-14 21:46:17.560] [exthost] [info] ExtensionService#loadCommonJSModule /home/adri/.vscode-oss/extensions/pkief.material-icon-theme-3.6.3/out/src/extension
[2019-02-14 21:46:17.602] [exthost] [info] ExtensionService#_doActivateExtension ritwickdey.LiveServer {"startup":true,"activationEvent":"*"}
[2019-02-14 21:46:17.602] [exthost] [info] ExtensionService#loadCommonJSModule /home/adri/.vscode-oss/extensions/ritwickdey.liveserver-5.5.1/out/src/extension
[2019-02-14 21:46:17.930] [exthost] [info] ExtensionService#_doActivateExtension vscodevim.vim {"startup":true,"activationEvent":"*"}
[2019-02-14 21:46:17.930] [exthost] [info] ExtensionService#loadCommonJSModule /home/adri/.vscode-oss/extensions/vscodevim.vim-1.0.8/out/extension
[2019-02-14 21:46:18.271] [exthost] [info] ExtensionService#_doActivateExtension vscode.html-language-features {"startup":false,"activationEvent":"onLanguage:html"}
[2019-02-14 21:46:18.271] [exthost] [info] ExtensionService#loadCommonJSModule /usr/lib/code/extensions/html-language-features/client/dist/htmlMain
[2019-02-14 21:46:18.330] [exthost] [info] ExtensionService#_doActivateExtension ecmel.vscode-html-css {"startup":false,"activationEvent":"onLanguage:html"}
[2019-02-14 21:46:18.330] [exthost] [info] ExtensionService#loadCommonJSModule /home/adri/.vscode-oss/extensions/ecmel.vscode-html-css-0.2.0/out/src/extension
[2019-02-14 21:46:18.525] [exthost] [info] eager extensions activated
