[2019-02-11 22:04:54.579] [exthost] [info] extension host started
[2019-02-11 22:04:54.609] [exthost] [info] ExtensionService#_doActivateExtension vscode.debug-auto-launch {"startup":true,"activationEvent":"*"}
[2019-02-11 22:04:54.609] [exthost] [info] ExtensionService#loadCommonJSModule /usr/lib/code/extensions/debug-auto-launch/dist/extension
[2019-02-11 22:04:54.616] [exthost] [info] ExtensionService#_doActivateExtension vscode.emmet {"startup":true,"activationEvent":"*"}
[2019-02-11 22:04:54.616] [exthost] [info] ExtensionService#loadCommonJSModule /usr/lib/code/extensions/emmet/dist/extension
[2019-02-11 22:04:54.632] [exthost] [info] ExtensionService#_doActivateExtension vscode.git {"startup":true,"activationEvent":"*"}
[2019-02-11 22:04:54.632] [exthost] [info] ExtensionService#loadCommonJSModule /usr/lib/code/extensions/git/dist/main
[2019-02-11 22:04:54.741] [exthost] [info] ExtensionService#_doActivateExtension vscode.merge-conflict {"startup":true,"activationEvent":"*"}
[2019-02-11 22:04:54.741] [exthost] [info] ExtensionService#loadCommonJSModule /usr/lib/code/extensions/merge-conflict/dist/extension
[2019-02-11 22:04:54.747] [exthost] [info] eager extensions activated
[2019-02-11 22:05:54.849] [exthost] [info] ExtensionService#_doActivateExtension CoenraadS.bracket-pair-colorizer {"startup":false,"activationEvent":"*"}
[2019-02-11 22:05:54.849] [exthost] [info] ExtensionService#loadCommonJSModule /home/adri/.vscode-oss/extensions/coenraads.bracket-pair-colorizer-1.0.61/out/src/extension
[2019-02-11 22:06:35.185] [exthost] [info] ExtensionService#_doActivateExtension ritwickdey.LiveServer {"startup":false,"activationEvent":"*"}
[2019-02-11 22:06:35.185] [exthost] [info] ExtensionService#loadCommonJSModule /home/adri/.vscode-oss/extensions/ritwickdey.liveserver-5.4.0/out/src/extension
[2019-02-11 22:06:55.643] [exthost] [info] ExtensionService#_doActivateExtension PKief.material-icon-theme {"startup":false,"activationEvent":"*"}
[2019-02-11 22:06:55.643] [exthost] [info] ExtensionService#loadCommonJSModule /home/adri/.vscode-oss/extensions/pkief.material-icon-theme-3.6.3/out/src/extension
[2019-02-11 22:07:57.299] [exthost] [info] ExtensionService#_doActivateExtension Equinusocio.vsc-material-theme {"startup":false,"activationEvent":"*"}
[2019-02-11 22:07:57.299] [exthost] [info] ExtensionService#loadCommonJSModule /home/adri/.vscode-oss/extensions/equinusocio.vsc-material-theme-2.7.0/out/src/material.theme.config
[2019-02-11 22:08:27.406] [exthost] [info] extension host started
[2019-02-11 22:08:27.434] [exthost] [info] ExtensionService#_doActivateExtension vscode.debug-auto-launch {"startup":true,"activationEvent":"*"}
[2019-02-11 22:08:27.434] [exthost] [info] ExtensionService#loadCommonJSModule /usr/lib/code/extensions/debug-auto-launch/dist/extension
[2019-02-11 22:08:27.439] [exthost] [info] ExtensionService#_doActivateExtension vscode.emmet {"startup":true,"activationEvent":"*"}
[2019-02-11 22:08:27.439] [exthost] [info] ExtensionService#loadCommonJSModule /usr/lib/code/extensions/emmet/dist/extension
[2019-02-11 22:08:27.455] [exthost] [info] ExtensionService#_doActivateExtension vscode.git {"startup":true,"activationEvent":"*"}
[2019-02-11 22:08:27.455] [exthost] [info] ExtensionService#loadCommonJSModule /usr/lib/code/extensions/git/dist/main
[2019-02-11 22:08:27.549] [exthost] [info] ExtensionService#_doActivateExtension vscode.merge-conflict {"startup":true,"activationEvent":"*"}
[2019-02-11 22:08:27.549] [exthost] [info] ExtensionService#loadCommonJSModule /usr/lib/code/extensions/merge-conflict/dist/extension
[2019-02-11 22:08:27.554] [exthost] [info] ExtensionService#_doActivateExtension CoenraadS.bracket-pair-colorizer {"startup":true,"activationEvent":"*"}
[2019-02-11 22:08:27.554] [exthost] [info] ExtensionService#loadCommonJSModule /home/adri/.vscode-oss/extensions/coenraads.bracket-pair-colorizer-1.0.61/out/src/extension
[2019-02-11 22:08:27.571] [exthost] [info] ExtensionService#_doActivateExtension Equinusocio.vsc-material-theme {"startup":true,"activationEvent":"*"}
[2019-02-11 22:08:27.571] [exthost] [info] ExtensionService#loadCommonJSModule /home/adri/.vscode-oss/extensions/equinusocio.vsc-material-theme-2.7.0/out/src/material.theme.config
[2019-02-11 22:08:27.578] [exthost] [info] ExtensionService#_doActivateExtension PKief.material-icon-theme {"startup":true,"activationEvent":"*"}
[2019-02-11 22:08:27.578] [exthost] [info] ExtensionService#loadCommonJSModule /home/adri/.vscode-oss/extensions/pkief.material-icon-theme-3.6.3/out/src/extension
[2019-02-11 22:08:27.613] [exthost] [info] ExtensionService#_doActivateExtension ritwickdey.LiveServer {"startup":true,"activationEvent":"*"}
[2019-02-11 22:08:27.613] [exthost] [info] ExtensionService#loadCommonJSModule /home/adri/.vscode-oss/extensions/ritwickdey.liveserver-5.4.0/out/src/extension
[2019-02-11 22:08:27.889] [exthost] [info] eager extensions activated
[2019-02-11 22:08:30.886] [exthost] [info] ExtensionService#_doActivateExtension vscode.html-language-features {"startup":false,"activationEvent":"onLanguage:html"}
[2019-02-11 22:08:30.886] [exthost] [info] ExtensionService#loadCommonJSModule /usr/lib/code/extensions/html-language-features/client/dist/htmlMain
[2019-02-11 22:09:43.851] [exthost] [info] ExtensionService#_doActivateExtension vscodevim.vim {"startup":false,"activationEvent":"*"}
[2019-02-11 22:09:43.851] [exthost] [info] ExtensionService#loadCommonJSModule /home/adri/.vscode-oss/extensions/vscodevim.vim-1.0.8/out/extension
[2019-02-11 22:10:44.787] [exthost] [info] ExtensionService#_doActivateExtension ecmel.vscode-html-css {"startup":false,"activationEvent":"onLanguage:html"}
[2019-02-11 22:10:44.787] [exthost] [info] ExtensionService#loadCommonJSModule /home/adri/.vscode-oss/extensions/ecmel.vscode-html-css-0.2.0/out/src/extension
[2019-02-11 22:12:22.611] [exthost] [info] ExtensionService#_doActivateExtension vscode.configuration-editing {"startup":false,"activationEvent":"onLanguage:jsonc"}
[2019-02-11 22:12:22.611] [exthost] [info] ExtensionService#loadCommonJSModule /usr/lib/code/extensions/configuration-editing/dist/extension
[2019-02-11 22:12:22.620] [exthost] [info] ExtensionService#_doActivateExtension vscode.json-language-features {"startup":false,"activationEvent":"onLanguage:jsonc"}
[2019-02-11 22:12:22.620] [exthost] [info] ExtensionService#loadCommonJSModule /usr/lib/code/extensions/json-language-features/client/dist/jsonMain
[2019-02-11 22:12:22.685] [exthost] [info] ExtensionService#_doActivateExtension vscode.typescript-language-features {"startup":false,"activationEvent":"onLanguage:jsonc"}
[2019-02-11 22:12:22.685] [exthost] [info] ExtensionService#loadCommonJSModule /usr/lib/code/extensions/typescript-language-features/dist/extension
