[2019-02-11 22:04:54.593] [sharedprocess] [info] main {"machineId":"4e241b487f2e26f57a56aa708c68dc6f7485e6f043c897a23221b3606f2bdf4d"}
[2019-02-11 22:04:54.636] [sharedprocess] [info] Scanned user extensions: 0
[2019-02-11 22:04:54.655] [sharedprocess] [info] Scanned user extensions: 0
[2019-02-11 22:04:54.662] [sharedprocess] [info] Scanned user extensions: 0
[2019-02-11 22:04:54.735] [sharedprocess] [info] Scanned system extensions: 71
[2019-02-11 22:04:54.744] [sharedprocess] [info] Scanned system extensions: 71
[2019-02-11 22:04:54.747] [sharedprocess] [info] Scanned system extensions: 71
[2019-02-11 22:04:56.037] [sharedprocess] [info] Scanned user extensions: 0
[2019-02-11 22:05:03.579] [sharedprocess] [info] Scanned user extensions: 0
[2019-02-11 22:05:03.584] [sharedprocess] [info] Scanned user extensions: 0
[2019-02-11 22:05:03.586] [sharedprocess] [info] Scanned user extensions: 0
[2019-02-11 22:05:03.597] [sharedprocess] [info] Scanned user extensions: 0
[2019-02-11 22:05:03.689] [sharedprocess] [info] Scanned system extensions: 71
[2019-02-11 22:05:03.693] [sharedprocess] [info] Scanned system extensions: 71
[2019-02-11 22:05:03.697] [sharedprocess] [info] Scanned system extensions: 71
[2019-02-11 22:05:34.608] [sharedprocess] [info] Starting to clean up unused language packs.
[2019-02-11 22:05:52.980] [sharedprocess] [info] Installing extension: coenraads.bracket-pair-colorizer
[2019-02-11 22:05:52.985] [sharedprocess] [info] Scanned user extensions: 0
[2019-02-11 22:05:53.837] [sharedprocess] [info] Downloaded extension: coenraads.bracket-pair-colorizer /tmp/60b8e0a2-3a09-42c0-9a98-55df0186327e
[2019-02-11 22:05:54.722] [sharedprocess] [info] Extracted extension to /home/adri/.vscode-oss/extensions/.coenraads.bracket-pair-colorizer-1.0.61: coenraads.bracket-pair-colorizer
[2019-02-11 22:05:54.723] [sharedprocess] [info] Renamed to /home/adri/.vscode-oss/extensions/coenraads.bracket-pair-colorizer-1.0.61
[2019-02-11 22:05:54.725] [sharedprocess] [info] Installation completed. coenraads.bracket-pair-colorizer
[2019-02-11 22:05:54.784] [sharedprocess] [info] Extensions installed successfully: coenraads.bracket-pair-colorizer
[2019-02-11 22:06:30.946] [sharedprocess] [info] Installing extension: ritwickdey.liveserver
[2019-02-11 22:06:30.950] [sharedprocess] [info] Scanned user extensions: 1
[2019-02-11 22:06:32.368] [sharedprocess] [info] Downloaded extension: ritwickdey.liveserver /tmp/8cd28538-8e3e-4258-9422-cb617f0f7cba
[2019-02-11 22:06:34.351] [sharedprocess] [info] Scanned user extensions: 1
[2019-02-11 22:06:34.381] [sharedprocess] [info] Scanned system extensions: 71
[2019-02-11 22:06:35.043] [sharedprocess] [info] Extracted extension to /home/adri/.vscode-oss/extensions/.ritwickdey.liveserver-5.4.0: ritwickdey.liveserver
[2019-02-11 22:06:35.044] [sharedprocess] [info] Renamed to /home/adri/.vscode-oss/extensions/ritwickdey.liveserver-5.4.0
[2019-02-11 22:06:35.045] [sharedprocess] [info] Installation completed. ritwickdey.liveserver
[2019-02-11 22:06:35.123] [sharedprocess] [info] Extensions installed successfully: ritwickdey.liveserver
[2019-02-11 22:06:43.988] [sharedprocess] [info] Installing extension: robinbentley.sass-indented
[2019-02-11 22:06:43.990] [sharedprocess] [info] Scanned user extensions: 2
[2019-02-11 22:06:44.314] [sharedprocess] [info] Downloaded extension: robinbentley.sass-indented /tmp/d6175629-816c-42af-b2bf-2bbac64c345b
[2019-02-11 22:06:44.341] [sharedprocess] [info] Extracted extension to /home/adri/.vscode-oss/extensions/.robinbentley.sass-indented-1.5.1: robinbentley.sass-indented
[2019-02-11 22:06:44.341] [sharedprocess] [info] Renamed to /home/adri/.vscode-oss/extensions/robinbentley.sass-indented-1.5.1
[2019-02-11 22:06:44.342] [sharedprocess] [info] Installation completed. robinbentley.sass-indented
[2019-02-11 22:06:44.397] [sharedprocess] [info] Extensions installed successfully: robinbentley.sass-indented
[2019-02-11 22:06:46.429] [sharedprocess] [info] Scanned user extensions: 3
[2019-02-11 22:06:46.455] [sharedprocess] [info] Scanned system extensions: 71
[2019-02-11 22:06:54.146] [sharedprocess] [info] Installing extension: pkief.material-icon-theme
[2019-02-11 22:06:54.148] [sharedprocess] [info] Scanned user extensions: 3
[2019-02-11 22:06:54.807] [sharedprocess] [info] Downloaded extension: pkief.material-icon-theme /tmp/07070d70-68b3-4041-9b5f-5984487b7638
[2019-02-11 22:06:55.538] [sharedprocess] [info] Extracted extension to /home/adri/.vscode-oss/extensions/.pkief.material-icon-theme-3.6.3: pkief.material-icon-theme
[2019-02-11 22:06:55.538] [sharedprocess] [info] Renamed to /home/adri/.vscode-oss/extensions/pkief.material-icon-theme-3.6.3
[2019-02-11 22:06:55.540] [sharedprocess] [info] Installation completed. pkief.material-icon-theme
[2019-02-11 22:06:55.597] [sharedprocess] [info] Extensions installed successfully: pkief.material-icon-theme
[2019-02-11 22:07:04.600] [sharedprocess] [info] Scanned user extensions: 4
[2019-02-11 22:07:04.634] [sharedprocess] [info] Scanned system extensions: 71
[2019-02-11 22:07:56.586] [sharedprocess] [info] Installing extension: equinusocio.vsc-material-theme
[2019-02-11 22:07:56.591] [sharedprocess] [info] Scanned user extensions: 4
[2019-02-11 22:07:57.073] [sharedprocess] [info] Downloaded extension: equinusocio.vsc-material-theme /tmp/1c2cd993-d204-4467-825f-5c0f1d64e113
[2019-02-11 22:07:57.176] [sharedprocess] [info] Extracted extension to /home/adri/.vscode-oss/extensions/.equinusocio.vsc-material-theme-2.7.0: equinusocio.vsc-material-theme
[2019-02-11 22:07:57.176] [sharedprocess] [info] Renamed to /home/adri/.vscode-oss/extensions/equinusocio.vsc-material-theme-2.7.0
[2019-02-11 22:07:57.177] [sharedprocess] [info] Installation completed. equinusocio.vsc-material-theme
[2019-02-11 22:07:57.241] [sharedprocess] [info] Extensions installed successfully: equinusocio.vsc-material-theme
[2019-02-11 22:08:26.920] [sharedprocess] [info] Scanned user extensions: 5
[2019-02-11 22:08:26.921] [sharedprocess] [info] Scanned user extensions: 5
[2019-02-11 22:08:26.980] [sharedprocess] [info] Scanned system extensions: 71
[2019-02-11 22:08:26.986] [sharedprocess] [info] Scanned system extensions: 71
[2019-02-11 22:08:28.716] [sharedprocess] [info] Scanned user extensions: 5
[2019-02-11 22:09:20.536] [sharedprocess] [info] Scanned user extensions: 5
[2019-02-11 22:09:20.540] [sharedprocess] [info] Scanned user extensions: 5
[2019-02-11 22:09:20.541] [sharedprocess] [info] Scanned user extensions: 5
[2019-02-11 22:09:20.549] [sharedprocess] [info] Scanned user extensions: 5
[2019-02-11 22:09:20.608] [sharedprocess] [info] Scanned system extensions: 71
[2019-02-11 22:09:20.612] [sharedprocess] [info] Scanned system extensions: 71
[2019-02-11 22:09:20.615] [sharedprocess] [info] Scanned system extensions: 71
[2019-02-11 22:09:39.848] [sharedprocess] [info] Installing extension: vscodevim.vim
[2019-02-11 22:09:39.851] [sharedprocess] [info] Scanned user extensions: 5
[2019-02-11 22:09:41.232] [sharedprocess] [info] Downloaded extension: vscodevim.vim /tmp/1fe2d2e6-4170-4f0b-87cd-3c9acc8f5296
[2019-02-11 22:09:43.386] [sharedprocess] [info] Extracted extension to /home/adri/.vscode-oss/extensions/.vscodevim.vim-1.0.8: vscodevim.vim
[2019-02-11 22:09:43.387] [sharedprocess] [info] Renamed to /home/adri/.vscode-oss/extensions/vscodevim.vim-1.0.8
[2019-02-11 22:09:43.389] [sharedprocess] [info] Installation completed. vscodevim.vim
[2019-02-11 22:09:43.763] [sharedprocess] [info] Extensions installed successfully: vscodevim.vim
[2019-02-11 22:10:27.821] [sharedprocess] [info] Scanned user extensions: 6
[2019-02-11 22:10:27.824] [sharedprocess] [info] Scanned user extensions: 6
[2019-02-11 22:10:27.830] [sharedprocess] [info] Scanned user extensions: 6
[2019-02-11 22:10:27.903] [sharedprocess] [info] Scanned system extensions: 71
[2019-02-11 22:10:27.908] [sharedprocess] [info] Scanned system extensions: 71
[2019-02-11 22:10:27.912] [sharedprocess] [info] Scanned system extensions: 71
[2019-02-11 22:10:43.001] [sharedprocess] [info] Installing extension: ecmel.vscode-html-css
[2019-02-11 22:10:43.008] [sharedprocess] [info] Scanned user extensions: 6
[2019-02-11 22:10:43.967] [sharedprocess] [info] Downloaded extension: ecmel.vscode-html-css /tmp/65c60414-df23-425f-b35b-2aacedcfb11d
[2019-02-11 22:10:44.654] [sharedprocess] [info] Extracted extension to /home/adri/.vscode-oss/extensions/.ecmel.vscode-html-css-0.2.0: ecmel.vscode-html-css
[2019-02-11 22:10:44.654] [sharedprocess] [info] Renamed to /home/adri/.vscode-oss/extensions/ecmel.vscode-html-css-0.2.0
[2019-02-11 22:10:44.655] [sharedprocess] [info] Installation completed. ecmel.vscode-html-css
[2019-02-11 22:10:44.719] [sharedprocess] [info] Extensions installed successfully: ecmel.vscode-html-css
[2019-02-11 22:10:46.741] [sharedprocess] [info] Scanned user extensions: 7
[2019-02-11 22:10:46.744] [sharedprocess] [info] Scanned user extensions: 7
[2019-02-11 22:10:46.746] [sharedprocess] [info] Scanned user extensions: 7
[2019-02-11 22:10:46.807] [sharedprocess] [info] Scanned system extensions: 71
[2019-02-11 22:10:46.811] [sharedprocess] [info] Scanned system extensions: 71
[2019-02-11 22:10:46.816] [sharedprocess] [info] Scanned system extensions: 71
[2019-02-11 22:13:28.733] [sharedprocess] [info] Scanned user extensions: 7
[2019-02-11 22:18:28.755] [sharedprocess] [info] Scanned user extensions: 7
[2019-02-11 22:23:28.773] [sharedprocess] [info] Scanned user extensions: 7
[2019-02-11 22:28:28.793] [sharedprocess] [info] Scanned user extensions: 7
[2019-02-11 22:33:28.809] [sharedprocess] [info] Scanned user extensions: 7
[2019-02-11 22:38:28.828] [sharedprocess] [info] Scanned user extensions: 7
[2019-02-11 22:43:28.843] [sharedprocess] [info] Scanned user extensions: 7
