[2019-02-14 14:44:23.973] [sharedprocess] [info] main {"machineId":"4e241b487f2e26f57a56aa708c68dc6f7485e6f043c897a23221b3606f2bdf4d"}
[2019-02-14 14:44:24.397] [sharedprocess] [info] Scanned user extensions: 7
[2019-02-14 14:44:24.745] [sharedprocess] [info] Scanned system extensions: 71
[2019-02-14 14:44:26.564] [sharedprocess] [info] Scanned user extensions: 7
[2019-02-14 14:44:26.582] [sharedprocess] [info] Scanned system extensions: 71
[2019-02-14 14:44:29.064] [sharedprocess] [info] Scanned user extensions: 7
[2019-02-14 14:44:29.430] [sharedprocess] [info] Installing extension: ritwickdey.liveserver
[2019-02-14 14:44:29.440] [sharedprocess] [info] Scanned user extensions: 7
[2019-02-14 14:44:31.677] [sharedprocess] [info] Downloaded extension: ritwickdey.liveserver /tmp/ab9eeeec-4513-4613-aa1e-863849a60e35
[2019-02-14 14:44:33.906] [sharedprocess] [info] Extracted extension to /home/adri/.vscode-oss/extensions/.ritwickdey.liveserver-5.5.1: ritwickdey.liveserver
[2019-02-14 14:44:33.906] [sharedprocess] [info] Renamed to /home/adri/.vscode-oss/extensions/ritwickdey.liveserver-5.5.1
[2019-02-14 14:44:33.908] [sharedprocess] [info] Installation completed. ritwickdey.liveserver
[2019-02-14 14:44:34.134] [sharedprocess] [info] Extensions installed successfully: ritwickdey.liveserver
[2019-02-14 14:45:03.988] [sharedprocess] [info] Starting to clean up unused language packs.
[2019-02-14 14:49:29.136] [sharedprocess] [info] Scanned user extensions: 7
[2019-02-14 14:54:29.202] [sharedprocess] [info] Scanned user extensions: 7
[2019-02-14 14:59:29.223] [sharedprocess] [info] Scanned user extensions: 7
[2019-02-14 15:04:29.284] [sharedprocess] [info] Scanned user extensions: 7
[2019-02-14 15:09:29.347] [sharedprocess] [info] Scanned user extensions: 7
[2019-02-14 15:14:29.412] [sharedprocess] [info] Scanned user extensions: 7
[2019-02-14 15:19:29.428] [sharedprocess] [info] Scanned user extensions: 7
[2019-02-14 15:24:29.448] [sharedprocess] [info] Scanned user extensions: 7
[2019-02-14 15:27:35.620] [sharedprocess] [info] Scanned user extensions: 7
[2019-02-14 15:27:35.623] [sharedprocess] [info] Scanned user extensions: 7
[2019-02-14 15:27:35.624] [sharedprocess] [info] Scanned user extensions: 7
[2019-02-14 15:27:35.633] [sharedprocess] [info] Scanned user extensions: 7
[2019-02-14 15:27:36.016] [sharedprocess] [info] Scanned system extensions: 71
[2019-02-14 15:27:36.023] [sharedprocess] [info] Scanned system extensions: 71
[2019-02-14 15:27:36.028] [sharedprocess] [info] Scanned system extensions: 71
[2019-02-14 15:27:50.711] [sharedprocess] [info] Installing extension: thekalinga.bootstrap4-vscode
[2019-02-14 15:27:50.764] [sharedprocess] [info] Scanned user extensions: 7
[2019-02-14 15:27:51.292] [sharedprocess] [info] Downloaded extension: thekalinga.bootstrap4-vscode /tmp/2615ac60-663a-4d9c-aeeb-99bf12aff88b
[2019-02-14 15:27:51.397] [sharedprocess] [info] Extracted extension to /home/adri/.vscode-oss/extensions/.thekalinga.bootstrap4-vscode-6.0.3: thekalinga.bootstrap4-vscode
[2019-02-14 15:27:51.397] [sharedprocess] [info] Renamed to /home/adri/.vscode-oss/extensions/thekalinga.bootstrap4-vscode-6.0.3
[2019-02-14 15:27:51.398] [sharedprocess] [info] Installation completed. thekalinga.bootstrap4-vscode
[2019-02-14 15:27:51.555] [sharedprocess] [info] Extensions installed successfully: thekalinga.bootstrap4-vscode
[2019-02-14 15:29:29.490] [sharedprocess] [info] Scanned user extensions: 8
[2019-02-14 15:34:29.511] [sharedprocess] [info] Scanned user extensions: 8
[2019-02-14 17:02:09.902] [sharedprocess] [info] Scanned user extensions: 8
[2019-02-14 17:07:09.924] [sharedprocess] [info] Scanned user extensions: 8
[2019-02-14 17:12:09.941] [sharedprocess] [info] Scanned user extensions: 8
[2019-02-14 17:17:09.962] [sharedprocess] [info] Scanned user extensions: 8
[2019-02-14 17:22:09.984] [sharedprocess] [info] Scanned user extensions: 8
